<?xml version="1.0" encoding="UTF-8"?>
<testsuite xmlns:xsi="http://www.w3.org/2001/XMLSchema-instance" xsi:noNamespaceSchemaLocation="https://maven.apache.org/surefire/maven-surefire-plugin/xsd/surefire-test-report.xsd" name="test.RedisTest" time="14.232" tests="3" errors="0" skipped="0" failures="0">
  <properties>
    <property name="sun.desktop" value="windows"/>
    <property name="awt.toolkit" value="sun.awt.windows.WToolkit"/>
    <property name="file.encoding.pkg" value="sun.io"/>
    <property name="java.specification.version" value="1.8"/>
    <property name="sun.cpu.isalist" value="amd64"/>
    <property name="sun.jnu.encoding" value="GBK"/>
    <property name="java.class.path" value="D:\IDEA_Projects\leyou\leyou-user\leyou-user-service\target\test-classes;D:\IDEA_Projects\leyou\leyou-user\leyou-user-service\target\classes;D:\apache-maven-3.6.3\repository\org\springframework\boot\spring-boot-starter-web\2.0.7.RELEASE\spring-boot-starter-web-2.0.7.RELEASE.jar;D:\apache-maven-3.6.3\repository\org\springframework\boot\spring-boot-starter\2.0.7.RELEASE\spring-boot-starter-2.0.7.RELEASE.jar;D:\apache-maven-3.6.3\repository\org\springframework\boot\spring-boot\2.0.7.RELEASE\spring-boot-2.0.7.RELEASE.jar;D:\apache-maven-3.6.3\repository\org\springframework\boot\spring-boot-autoconfigure\2.0.7.RELEASE\spring-boot-autoconfigure-2.0.7.RELEASE.jar;D:\apache-maven-3.6.3\repository\org\springframework\boot\spring-boot-starter-logging\2.0.7.RELEASE\spring-boot-starter-logging-2.0.7.RELEASE.jar;D:\apache-maven-3.6.3\repository\ch\qos\logback\logback-classic\1.2.3\logback-classic-1.2.3.jar;D:\apache-maven-3.6.3\repository\ch\qos\logback\logback-core\1.2.3\logback-core-1.2.3.jar;D:\apache-maven-3.6.3\repository\org\apache\logging\log4j\log4j-to-slf4j\2.10.0\log4j-to-slf4j-2.10.0.jar;D:\apache-maven-3.6.3\repository\org\apache\logging\log4j\log4j-api\2.10.0\log4j-api-2.10.0.jar;D:\apache-maven-3.6.3\repository\org\slf4j\jul-to-slf4j\1.7.25\jul-to-slf4j-1.7.25.jar;D:\apache-maven-3.6.3\repository\javax\annotation\javax.annotation-api\1.3.2\javax.annotation-api-1.3.2.jar;D:\apache-maven-3.6.3\repository\org\yaml\snakeyaml\1.19\snakeyaml-1.19.jar;D:\apache-maven-3.6.3\repository\org\springframework\boot\spring-boot-starter-json\2.0.7.RELEASE\spring-boot-starter-json-2.0.7.RELEASE.jar;D:\apache-maven-3.6.3\repository\com\fasterxml\jackson\datatype\jackson-datatype-jdk8\2.9.7\jackson-datatype-jdk8-2.9.7.jar;D:\apache-maven-3.6.3\repository\com\fasterxml\jackson\datatype\jackson-datatype-jsr310\2.9.7\jackson-datatype-jsr310-2.9.7.jar;D:\apache-maven-3.6.3\repository\com\fasterxml\jackson\module\jackson-module-parameter-names\2.9.7\jackson-module-parameter-names-2.9.7.jar;D:\apache-maven-3.6.3\repository\org\springframework\boot\spring-boot-starter-tomcat\2.0.7.RELEASE\spring-boot-starter-tomcat-2.0.7.RELEASE.jar;D:\apache-maven-3.6.3\repository\org\apache\tomcat\embed\tomcat-embed-core\8.5.35\tomcat-embed-core-8.5.35.jar;D:\apache-maven-3.6.3\repository\org\apache\tomcat\embed\tomcat-embed-el\8.5.35\tomcat-embed-el-8.5.35.jar;D:\apache-maven-3.6.3\repository\org\apache\tomcat\embed\tomcat-embed-websocket\8.5.35\tomcat-embed-websocket-8.5.35.jar;D:\apache-maven-3.6.3\repository\org\hibernate\validator\hibernate-validator\6.0.13.Final\hibernate-validator-6.0.13.Final.jar;D:\apache-maven-3.6.3\repository\javax\validation\validation-api\2.0.1.Final\validation-api-2.0.1.Final.jar;D:\apache-maven-3.6.3\repository\org\jboss\logging\jboss-logging\3.3.2.Final\jboss-logging-3.3.2.Final.jar;D:\apache-maven-3.6.3\repository\com\fasterxml\classmate\1.3.4\classmate-1.3.4.jar;D:\apache-maven-3.6.3\repository\org\springframework\spring-web\5.0.11.RELEASE\spring-web-5.0.11.RELEASE.jar;D:\apache-maven-3.6.3\repository\org\springframework\spring-beans\5.0.11.RELEASE\spring-beans-5.0.11.RELEASE.jar;D:\apache-maven-3.6.3\repository\org\springframework\spring-webmvc\5.0.11.RELEASE\spring-webmvc-5.0.11.RELEASE.jar;D:\apache-maven-3.6.3\repository\org\springframework\spring-aop\5.0.11.RELEASE\spring-aop-5.0.11.RELEASE.jar;D:\apache-maven-3.6.3\repository\org\springframework\spring-context\5.0.11.RELEASE\spring-context-5.0.11.RELEASE.jar;D:\apache-maven-3.6.3\repository\org\springframework\spring-expression\5.0.11.RELEASE\spring-expression-5.0.11.RELEASE.jar;D:\apache-maven-3.6.3\repository\org\springframework\cloud\spring-cloud-starter-netflix-eureka-client\2.0.2.RELEASE\spring-cloud-starter-netflix-eureka-client-2.0.2.RELEASE.jar;D:\apache-maven-3.6.3\repository\org\springframework\cloud\spring-cloud-starter\2.0.2.RELEASE\spring-cloud-starter-2.0.2.RELEASE.jar;D:\apache-maven-3.6.3\repository\org\springframework\cloud\spring-cloud-context\2.0.2.RELEASE\spring-cloud-context-2.0.2.RELEASE.jar;D:\apache-maven-3.6.3\repository\org\springframework\security\spring-security-crypto\5.0.10.RELEASE\spring-security-crypto-5.0.10.RELEASE.jar;D:\apache-maven-3.6.3\repository\org\springframework\cloud\spring-cloud-commons\2.0.2.RELEASE\spring-cloud-commons-2.0.2.RELEASE.jar;D:\apache-maven-3.6.3\repository\org\springframework\security\spring-security-rsa\1.0.7.RELEASE\spring-security-rsa-1.0.7.RELEASE.jar;D:\apache-maven-3.6.3\repository\org\bouncycastle\bcpkix-jdk15on\1.60\bcpkix-jdk15on-1.60.jar;D:\apache-maven-3.6.3\repository\org\bouncycastle\bcprov-jdk15on\1.60\bcprov-jdk15on-1.60.jar;D:\apache-maven-3.6.3\repository\org\springframework\cloud\spring-cloud-netflix-core\2.0.2.RELEASE\spring-cloud-netflix-core-2.0.2.RELEASE.jar;D:\apache-maven-3.6.3\repository\org\springframework\boot\spring-boot-starter-aop\2.0.7.RELEASE\spring-boot-starter-aop-2.0.7.RELEASE.jar;D:\apache-maven-3.6.3\repository\org\aspectj\aspectjweaver\1.8.13\aspectjweaver-1.8.13.jar;D:\apache-maven-3.6.3\repository\org\springframework\cloud\spring-cloud-netflix-eureka-client\2.0.2.RELEASE\spring-cloud-netflix-eureka-client-2.0.2.RELEASE.jar;D:\apache-maven-3.6.3\repository\com\netflix\eureka\eureka-client\1.9.3\eureka-client-1.9.3.jar;D:\apache-maven-3.6.3\repository\org\codehaus\jettison\jettison\1.3.7\jettison-1.3.7.jar;D:\apache-maven-3.6.3\repository\stax\stax-api\1.0.1\stax-api-1.0.1.jar;D:\apache-maven-3.6.3\repository\com\netflix\netflix-commons\netflix-eventbus\0.3.0\netflix-eventbus-0.3.0.jar;D:\apache-maven-3.6.3\repository\com\netflix\netflix-commons\netflix-infix\0.3.0\netflix-infix-0.3.0.jar;D:\apache-maven-3.6.3\repository\commons-jxpath\commons-jxpath\1.3\commons-jxpath-1.3.jar;D:\apache-maven-3.6.3\repository\joda-time\joda-time\2.9.9\joda-time-2.9.9.jar;D:\apache-maven-3.6.3\repository\org\antlr\antlr-runtime\3.4\antlr-runtime-3.4.jar;D:\apache-maven-3.6.3\repository\org\antlr\stringtemplate\3.2.1\stringtemplate-3.2.1.jar;D:\apache-maven-3.6.3\repository\antlr\antlr\2.7.7\antlr-2.7.7.jar;D:\apache-maven-3.6.3\repository\com\google\code\gson\gson\2.8.5\gson-2.8.5.jar;D:\apache-maven-3.6.3\repository\org\apache\commons\commons-math\2.2\commons-math-2.2.jar;D:\apache-maven-3.6.3\repository\com\netflix\archaius\archaius-core\0.7.6\archaius-core-0.7.6.jar;D:\apache-maven-3.6.3\repository\com\google\guava\guava\16.0\guava-16.0.jar;D:\apache-maven-3.6.3\repository\javax\ws\rs\jsr311-api\1.1.1\jsr311-api-1.1.1.jar;D:\apache-maven-3.6.3\repository\com\netflix\servo\servo-core\0.12.21\servo-core-0.12.21.jar;D:\apache-maven-3.6.3\repository\com\sun\jersey\jersey-core\1.19.1\jersey-core-1.19.1.jar;D:\apache-maven-3.6.3\repository\com\sun\jersey\jersey-client\1.19.1\jersey-client-1.19.1.jar;D:\apache-maven-3.6.3\repository\com\sun\jersey\contribs\jersey-apache-client4\1.19.1\jersey-apache-client4-1.19.1.jar;D:\apache-maven-3.6.3\repository\org\apache\httpcomponents\httpclient\4.5.6\httpclient-4.5.6.jar;D:\apache-maven-3.6.3\repository\org\apache\httpcomponents\httpcore\4.4.10\httpcore-4.4.10.jar;D:\apache-maven-3.6.3\repository\com\google\inject\guice\4.1.0\guice-4.1.0.jar;D:\apache-maven-3.6.3\repository\javax\inject\javax.inject\1\javax.inject-1.jar;D:\apache-maven-3.6.3\repository\aopalliance\aopalliance\1.0\aopalliance-1.0.jar;D:\apache-maven-3.6.3\repository\com\github\vlsi\compactmap\compactmap\1.2.1\compactmap-1.2.1.jar;D:\apache-maven-3.6.3\repository\com\github\andrewoma\dexx\dexx-collections\0.2\dexx-collections-0.2.jar;D:\apache-maven-3.6.3\repository\com\fasterxml\jackson\core\jackson-annotations\2.9.0\jackson-annotations-2.9.0.jar;D:\apache-maven-3.6.3\repository\com\fasterxml\jackson\core\jackson-core\2.9.7\jackson-core-2.9.7.jar;D:\apache-maven-3.6.3\repository\com\netflix\eureka\eureka-core\1.9.3\eureka-core-1.9.3.jar;D:\apache-maven-3.6.3\repository\org\codehaus\woodstox\woodstox-core-asl\4.4.1\woodstox-core-asl-4.4.1.jar;D:\apache-maven-3.6.3\repository\javax\xml\stream\stax-api\1.0-2\stax-api-1.0-2.jar;D:\apache-maven-3.6.3\repository\org\codehaus\woodstox\stax2-api\3.1.4\stax2-api-3.1.4.jar;D:\apache-maven-3.6.3\repository\org\springframework\cloud\spring-cloud-starter-netflix-archaius\2.0.2.RELEASE\spring-cloud-starter-netflix-archaius-2.0.2.RELEASE.jar;D:\apache-maven-3.6.3\repository\org\springframework\cloud\spring-cloud-netflix-ribbon\2.0.2.RELEASE\spring-cloud-netflix-ribbon-2.0.2.RELEASE.jar;D:\apache-maven-3.6.3\repository\org\springframework\cloud\spring-cloud-netflix-archaius\2.0.2.RELEASE\spring-cloud-netflix-archaius-2.0.2.RELEASE.jar;D:\apache-maven-3.6.3\repository\commons-configuration\commons-configuration\1.8\commons-configuration-1.8.jar;D:\apache-maven-3.6.3\repository\commons-lang\commons-lang\2.6\commons-lang-2.6.jar;D:\apache-maven-3.6.3\repository\org\springframework\cloud\spring-cloud-starter-netflix-ribbon\2.0.2.RELEASE\spring-cloud-starter-netflix-ribbon-2.0.2.RELEASE.jar;D:\apache-maven-3.6.3\repository\com\netflix\ribbon\ribbon\2.2.5\ribbon-2.2.5.jar;D:\apache-maven-3.6.3\repository\com\netflix\ribbon\ribbon-transport\2.2.5\ribbon-transport-2.2.5.jar;D:\apache-maven-3.6.3\repository\io\reactivex\rxnetty-contexts\0.4.9\rxnetty-contexts-0.4.9.jar;D:\apache-maven-3.6.3\repository\io\reactivex\rxnetty-servo\0.4.9\rxnetty-servo-0.4.9.jar;D:\apache-maven-3.6.3\repository\com\netflix\hystrix\hystrix-core\1.5.12\hystrix-core-1.5.12.jar;D:\apache-maven-3.6.3\repository\org\hdrhistogram\HdrHistogram\2.1.9\HdrHistogram-2.1.9.jar;D:\apache-maven-3.6.3\repository\io\reactivex\rxnetty\0.4.9\rxnetty-0.4.9.jar;D:\apache-maven-3.6.3\repository\com\netflix\ribbon\ribbon-core\2.2.5\ribbon-core-2.2.5.jar;D:\apache-maven-3.6.3\repository\com\netflix\ribbon\ribbon-httpclient\2.2.5\ribbon-httpclient-2.2.5.jar;D:\apache-maven-3.6.3\repository\commons-collections\commons-collections\3.2.2\commons-collections-3.2.2.jar;D:\apache-maven-3.6.3\repository\com\netflix\netflix-commons\netflix-commons-util\0.3.0\netflix-commons-util-0.3.0.jar;D:\apache-maven-3.6.3\repository\com\netflix\ribbon\ribbon-loadbalancer\2.2.5\ribbon-loadbalancer-2.2.5.jar;D:\apache-maven-3.6.3\repository\com\netflix\netflix-commons\netflix-statistics\0.1.1\netflix-statistics-0.1.1.jar;D:\apache-maven-3.6.3\repository\io\reactivex\rxjava\1.3.8\rxjava-1.3.8.jar;D:\apache-maven-3.6.3\repository\com\netflix\ribbon\ribbon-eureka\2.2.5\ribbon-eureka-2.2.5.jar;D:\apache-maven-3.6.3\repository\com\thoughtworks\xstream\xstream\1.4.10\xstream-1.4.10.jar;D:\apache-maven-3.6.3\repository\xmlpull\xmlpull\1.1.3.1\xmlpull-1.1.3.1.jar;D:\apache-maven-3.6.3\repository\xpp3\xpp3_min\1.1.4c\xpp3_min-1.1.4c.jar;D:\apache-maven-3.6.3\repository\org\springframework\boot\spring-boot-starter-jdbc\2.0.7.RELEASE\spring-boot-starter-jdbc-2.0.7.RELEASE.jar;D:\apache-maven-3.6.3\repository\com\zaxxer\HikariCP\2.7.9\HikariCP-2.7.9.jar;D:\apache-maven-3.6.3\repository\org\springframework\spring-jdbc\5.0.11.RELEASE\spring-jdbc-5.0.11.RELEASE.jar;D:\apache-maven-3.6.3\repository\org\springframework\spring-tx\5.0.11.RELEASE\spring-tx-5.0.11.RELEASE.jar;D:\apache-maven-3.6.3\repository\org\mybatis\spring\boot\mybatis-spring-boot-starter\1.3.2\mybatis-spring-boot-starter-1.3.2.jar;D:\apache-maven-3.6.3\repository\org\mybatis\spring\boot\mybatis-spring-boot-autoconfigure\1.3.2\mybatis-spring-boot-autoconfigure-1.3.2.jar;D:\apache-maven-3.6.3\repository\org\mybatis\mybatis\3.4.6\mybatis-3.4.6.jar;D:\apache-maven-3.6.3\repository\org\mybatis\mybatis-spring\1.3.2\mybatis-spring-1.3.2.jar;D:\apache-maven-3.6.3\repository\tk\mybatis\mapper-spring-boot-starter\2.0.2\mapper-spring-boot-starter-2.0.2.jar;D:\apache-maven-3.6.3\repository\tk\mybatis\mapper-core\1.0.2\mapper-core-1.0.2.jar;D:\apache-maven-3.6.3\repository\tk\mybatis\mapper-base\1.0.1\mapper-base-1.0.1.jar;D:\apache-maven-3.6.3\repository\tk\mybatis\mapper-weekend\1.1.3\mapper-weekend-1.1.3.jar;D:\apache-maven-3.6.3\repository\tk\mybatis\mapper-spring\1.0.1\mapper-spring-1.0.1.jar;D:\apache-maven-3.6.3\repository\tk\mybatis\mapper-extra\1.0.1\mapper-extra-1.0.1.jar;D:\apache-maven-3.6.3\repository\tk\mybatis\mapper-spring-boot-autoconfigure\2.0.2\mapper-spring-boot-autoconfigure-2.0.2.jar;D:\apache-maven-3.6.3\repository\mysql\mysql-connector-java\5.1.32\mysql-connector-java-5.1.32.jar;D:\apache-maven-3.6.3\repository\com\leyou\user\leyou-user-interface\1.0.0-SNAPSHOT\leyou-user-interface-1.0.0-SNAPSHOT.jar;D:\apache-maven-3.6.3\repository\javax\persistence\persistence-api\1.0\persistence-api-1.0.jar;D:\apache-maven-3.6.3\repository\com\fasterxml\jackson\core\jackson-databind\2.9.7\jackson-databind-2.9.7.jar;D:\apache-maven-3.6.3\repository\org\springframework\boot\spring-boot-starter-test\2.0.7.RELEASE\spring-boot-starter-test-2.0.7.RELEASE.jar;D:\apache-maven-3.6.3\repository\org\springframework\boot\spring-boot-test\2.0.7.RELEASE\spring-boot-test-2.0.7.RELEASE.jar;D:\apache-maven-3.6.3\repository\org\springframework\boot\spring-boot-test-autoconfigure\2.0.7.RELEASE\spring-boot-test-autoconfigure-2.0.7.RELEASE.jar;D:\apache-maven-3.6.3\repository\com\jayway\jsonpath\json-path\2.4.0\json-path-2.4.0.jar;D:\apache-maven-3.6.3\repository\net\minidev\json-smart\2.3\json-smart-2.3.jar;D:\apache-maven-3.6.3\repository\net\minidev\accessors-smart\1.2\accessors-smart-1.2.jar;D:\apache-maven-3.6.3\repository\org\ow2\asm\asm\5.0.4\asm-5.0.4.jar;D:\apache-maven-3.6.3\repository\junit\junit\4.12\junit-4.12.jar;D:\apache-maven-3.6.3\repository\org\assertj\assertj-core\3.9.1\assertj-core-3.9.1.jar;D:\apache-maven-3.6.3\repository\org\mockito\mockito-core\2.15.0\mockito-core-2.15.0.jar;D:\apache-maven-3.6.3\repository\net\bytebuddy\byte-buddy\1.7.11\byte-buddy-1.7.11.jar;D:\apache-maven-3.6.3\repository\net\bytebuddy\byte-buddy-agent\1.7.11\byte-buddy-agent-1.7.11.jar;D:\apache-maven-3.6.3\repository\org\objenesis\objenesis\2.6\objenesis-2.6.jar;D:\apache-maven-3.6.3\repository\org\hamcrest\hamcrest-core\1.3\hamcrest-core-1.3.jar;D:\apache-maven-3.6.3\repository\org\hamcrest\hamcrest-library\1.3\hamcrest-library-1.3.jar;D:\apache-maven-3.6.3\repository\org\skyscreamer\jsonassert\1.5.0\jsonassert-1.5.0.jar;D:\apache-maven-3.6.3\repository\com\vaadin\external\google\android-json\0.0.20131108.vaadin1\android-json-0.0.20131108.vaadin1.jar;D:\apache-maven-3.6.3\repository\org\springframework\spring-core\5.0.11.RELEASE\spring-core-5.0.11.RELEASE.jar;D:\apache-maven-3.6.3\repository\org\springframework\spring-jcl\5.0.11.RELEASE\spring-jcl-5.0.11.RELEASE.jar;D:\apache-maven-3.6.3\repository\org\springframework\spring-test\5.0.11.RELEASE\spring-test-5.0.11.RELEASE.jar;D:\apache-maven-3.6.3\repository\org\xmlunit\xmlunit-core\2.5.1\xmlunit-core-2.5.1.jar;D:\apache-maven-3.6.3\repository\org\springframework\boot\spring-boot-starter-data-redis\2.0.7.RELEASE\spring-boot-starter-data-redis-2.0.7.RELEASE.jar;D:\apache-maven-3.6.3\repository\org\springframework\data\spring-data-redis\2.0.12.RELEASE\spring-data-redis-2.0.12.RELEASE.jar;D:\apache-maven-3.6.3\repository\org\springframework\data\spring-data-keyvalue\2.0.12.RELEASE\spring-data-keyvalue-2.0.12.RELEASE.jar;D:\apache-maven-3.6.3\repository\org\springframework\data\spring-data-commons\2.0.12.RELEASE\spring-data-commons-2.0.12.RELEASE.jar;D:\apache-maven-3.6.3\repository\org\springframework\spring-oxm\5.0.11.RELEASE\spring-oxm-5.0.11.RELEASE.jar;D:\apache-maven-3.6.3\repository\org\springframework\spring-context-support\5.0.11.RELEASE\spring-context-support-5.0.11.RELEASE.jar;D:\apache-maven-3.6.3\repository\io\lettuce\lettuce-core\5.0.5.RELEASE\lettuce-core-5.0.5.RELEASE.jar;D:\apache-maven-3.6.3\repository\io\projectreactor\reactor-core\3.1.12.RELEASE\reactor-core-3.1.12.RELEASE.jar;D:\apache-maven-3.6.3\repository\org\reactivestreams\reactive-streams\1.0.2\reactive-streams-1.0.2.jar;D:\apache-maven-3.6.3\repository\io\netty\netty-common\4.1.31.Final\netty-common-4.1.31.Final.jar;D:\apache-maven-3.6.3\repository\io\netty\netty-transport\4.1.31.Final\netty-transport-4.1.31.Final.jar;D:\apache-maven-3.6.3\repository\io\netty\netty-buffer\4.1.31.Final\netty-buffer-4.1.31.Final.jar;D:\apache-maven-3.6.3\repository\io\netty\netty-resolver\4.1.31.Final\netty-resolver-4.1.31.Final.jar;D:\apache-maven-3.6.3\repository\io\netty\netty-handler\4.1.31.Final\netty-handler-4.1.31.Final.jar;D:\apache-maven-3.6.3\repository\io\netty\netty-codec\4.1.31.Final\netty-codec-4.1.31.Final.jar;D:\apache-maven-3.6.3\repository\com\leyou\sms\leyou-sms-service\1.0.0-SNAPSHOT\leyou-sms-service-1.0.0-SNAPSHOT.jar;D:\apache-maven-3.6.3\repository\com\aliyun\aliyun-java-sdk-core\3.3.1\aliyun-java-sdk-core-3.3.1.jar;D:\apache-maven-3.6.3\repository\org\json\json\20170516\json-20170516.jar;D:\apache-maven-3.6.3\repository\com\aliyun\aliyun-java-sdk-dysmsapi\1.0.0\aliyun-java-sdk-dysmsapi-1.0.0.jar;D:\apache-maven-3.6.3\repository\org\apache\commons\commons-lang3\3.7\commons-lang3-3.7.jar;D:\apache-maven-3.6.3\repository\com\leyou\common\leyou-common\1.0.0-SNAPSHOT\leyou-common-1.0.0-SNAPSHOT.jar;D:\apache-maven-3.6.3\repository\org\slf4j\slf4j-api\1.7.25\slf4j-api-1.7.25.jar;D:\apache-maven-3.6.3\repository\org\springframework\boot\spring-boot-starter-amqp\2.0.7.RELEASE\spring-boot-starter-amqp-2.0.7.RELEASE.jar;D:\apache-maven-3.6.3\repository\org\springframework\spring-messaging\5.0.11.RELEASE\spring-messaging-5.0.11.RELEASE.jar;D:\apache-maven-3.6.3\repository\org\springframework\amqp\spring-rabbit\2.0.10.RELEASE\spring-rabbit-2.0.10.RELEASE.jar;D:\apache-maven-3.6.3\repository\org\springframework\amqp\spring-amqp\2.0.10.RELEASE\spring-amqp-2.0.10.RELEASE.jar;D:\apache-maven-3.6.3\repository\org\springframework\retry\spring-retry\1.2.2.RELEASE\spring-retry-1.2.2.RELEASE.jar;D:\apache-maven-3.6.3\repository\com\rabbitmq\amqp-client\5.4.3\amqp-client-5.4.3.jar;D:\apache-maven-3.6.3\repository\commons-codec\commons-codec\1.11\commons-codec-1.11.jar;"/>
    <property name="java.vm.vendor" value="Oracle Corporation"/>
    <property name="sun.arch.data.model" value="64"/>
    <property name="user.variant" value=""/>
    <property name="java.vendor.url" value="http://java.oracle.com/"/>
    <property name="user.timezone" value=""/>
    <property name="java.vm.specification.version" value="1.8"/>
    <property name="os.name" value="Windows 10"/>
    <property name="user.country" value="CN"/>
    <property name="sun.java.launcher" value="SUN_STANDARD"/>
    <property name="sun.boot.library.path" value="C:\Program Files\Java\jdk1.8.0_201\jre\bin"/>
    <property name="sun.java.command" value="C:\Users\wangqun\AppData\Local\Temp\surefire2951594848348630984\surefirebooter5536818685432012026.jar C:\Users\wangqun\AppData\Local\Temp\surefire2951594848348630984 2020-03-16T22-22-37_190-jvmRun1 surefire2149750646499456157tmp surefire_037373804866541083tmp"/>
    <property name="surefire.test.class.path" value="D:\IDEA_Projects\leyou\leyou-user\leyou-user-service\target\test-classes;D:\IDEA_Projects\leyou\leyou-user\leyou-user-service\target\classes;D:\apache-maven-3.6.3\repository\org\springframework\boot\spring-boot-starter-web\2.0.7.RELEASE\spring-boot-starter-web-2.0.7.RELEASE.jar;D:\apache-maven-3.6.3\repository\org\springframework\boot\spring-boot-starter\2.0.7.RELEASE\spring-boot-starter-2.0.7.RELEASE.jar;D:\apache-maven-3.6.3\repository\org\springframework\boot\spring-boot\2.0.7.RELEASE\spring-boot-2.0.7.RELEASE.jar;D:\apache-maven-3.6.3\repository\org\springframework\boot\spring-boot-autoconfigure\2.0.7.RELEASE\spring-boot-autoconfigure-2.0.7.RELEASE.jar;D:\apache-maven-3.6.3\repository\org\springframework\boot\spring-boot-starter-logging\2.0.7.RELEASE\spring-boot-starter-logging-2.0.7.RELEASE.jar;D:\apache-maven-3.6.3\repository\ch\qos\logback\logback-classic\1.2.3\logback-classic-1.2.3.jar;D:\apache-maven-3.6.3\repository\ch\qos\logback\logback-core\1.2.3\logback-core-1.2.3.jar;D:\apache-maven-3.6.3\repository\org\apache\logging\log4j\log4j-to-slf4j\2.10.0\log4j-to-slf4j-2.10.0.jar;D:\apache-maven-3.6.3\repository\org\apache\logging\log4j\log4j-api\2.10.0\log4j-api-2.10.0.jar;D:\apache-maven-3.6.3\repository\org\slf4j\jul-to-slf4j\1.7.25\jul-to-slf4j-1.7.25.jar;D:\apache-maven-3.6.3\repository\javax\annotation\javax.annotation-api\1.3.2\javax.annotation-api-1.3.2.jar;D:\apache-maven-3.6.3\repository\org\yaml\snakeyaml\1.19\snakeyaml-1.19.jar;D:\apache-maven-3.6.3\repository\org\springframework\boot\spring-boot-starter-json\2.0.7.RELEASE\spring-boot-starter-json-2.0.7.RELEASE.jar;D:\apache-maven-3.6.3\repository\com\fasterxml\jackson\datatype\jackson-datatype-jdk8\2.9.7\jackson-datatype-jdk8-2.9.7.jar;D:\apache-maven-3.6.3\repository\com\fasterxml\jackson\datatype\jackson-datatype-jsr310\2.9.7\jackson-datatype-jsr310-2.9.7.jar;D:\apache-maven-3.6.3\repository\com\fasterxml\jackson\module\jackson-module-parameter-names\2.9.7\jackson-module-parameter-names-2.9.7.jar;D:\apache-maven-3.6.3\repository\org\springframework\boot\spring-boot-starter-tomcat\2.0.7.RELEASE\spring-boot-starter-tomcat-2.0.7.RELEASE.jar;D:\apache-maven-3.6.3\repository\org\apache\tomcat\embed\tomcat-embed-core\8.5.35\tomcat-embed-core-8.5.35.jar;D:\apache-maven-3.6.3\repository\org\apache\tomcat\embed\tomcat-embed-el\8.5.35\tomcat-embed-el-8.5.35.jar;D:\apache-maven-3.6.3\repository\org\apache\tomcat\embed\tomcat-embed-websocket\8.5.35\tomcat-embed-websocket-8.5.35.jar;D:\apache-maven-3.6.3\repository\org\hibernate\validator\hibernate-validator\6.0.13.Final\hibernate-validator-6.0.13.Final.jar;D:\apache-maven-3.6.3\repository\javax\validation\validation-api\2.0.1.Final\validation-api-2.0.1.Final.jar;D:\apache-maven-3.6.3\repository\org\jboss\logging\jboss-logging\3.3.2.Final\jboss-logging-3.3.2.Final.jar;D:\apache-maven-3.6.3\repository\com\fasterxml\classmate\1.3.4\classmate-1.3.4.jar;D:\apache-maven-3.6.3\repository\org\springframework\spring-web\5.0.11.RELEASE\spring-web-5.0.11.RELEASE.jar;D:\apache-maven-3.6.3\repository\org\springframework\spring-beans\5.0.11.RELEASE\spring-beans-5.0.11.RELEASE.jar;D:\apache-maven-3.6.3\repository\org\springframework\spring-webmvc\5.0.11.RELEASE\spring-webmvc-5.0.11.RELEASE.jar;D:\apache-maven-3.6.3\repository\org\springframework\spring-aop\5.0.11.RELEASE\spring-aop-5.0.11.RELEASE.jar;D:\apache-maven-3.6.3\repository\org\springframework\spring-context\5.0.11.RELEASE\spring-context-5.0.11.RELEASE.jar;D:\apache-maven-3.6.3\repository\org\springframework\spring-expression\5.0.11.RELEASE\spring-expression-5.0.11.RELEASE.jar;D:\apache-maven-3.6.3\repository\org\springframework\cloud\spring-cloud-starter-netflix-eureka-client\2.0.2.RELEASE\spring-cloud-starter-netflix-eureka-client-2.0.2.RELEASE.jar;D:\apache-maven-3.6.3\repository\org\springframework\cloud\spring-cloud-starter\2.0.2.RELEASE\spring-cloud-starter-2.0.2.RELEASE.jar;D:\apache-maven-3.6.3\repository\org\springframework\cloud\spring-cloud-context\2.0.2.RELEASE\spring-cloud-context-2.0.2.RELEASE.jar;D:\apache-maven-3.6.3\repository\org\springframework\security\spring-security-crypto\5.0.10.RELEASE\spring-security-crypto-5.0.10.RELEASE.jar;D:\apache-maven-3.6.3\repository\org\springframework\cloud\spring-cloud-commons\2.0.2.RELEASE\spring-cloud-commons-2.0.2.RELEASE.jar;D:\apache-maven-3.6.3\repository\org\springframework\security\spring-security-rsa\1.0.7.RELEASE\spring-security-rsa-1.0.7.RELEASE.jar;D:\apache-maven-3.6.3\repository\org\bouncycastle\bcpkix-jdk15on\1.60\bcpkix-jdk15on-1.60.jar;D:\apache-maven-3.6.3\repository\org\bouncycastle\bcprov-jdk15on\1.60\bcprov-jdk15on-1.60.jar;D:\apache-maven-3.6.3\repository\org\springframework\cloud\spring-cloud-netflix-core\2.0.2.RELEASE\spring-cloud-netflix-core-2.0.2.RELEASE.jar;D:\apache-maven-3.6.3\repository\org\springframework\boot\spring-boot-starter-aop\2.0.7.RELEASE\spring-boot-starter-aop-2.0.7.RELEASE.jar;D:\apache-maven-3.6.3\repository\org\aspectj\aspectjweaver\1.8.13\aspectjweaver-1.8.13.jar;D:\apache-maven-3.6.3\repository\org\springframework\cloud\spring-cloud-netflix-eureka-client\2.0.2.RELEASE\spring-cloud-netflix-eureka-client-2.0.2.RELEASE.jar;D:\apache-maven-3.6.3\repository\com\netflix\eureka\eureka-client\1.9.3\eureka-client-1.9.3.jar;D:\apache-maven-3.6.3\repository\org\codehaus\jettison\jettison\1.3.7\jettison-1.3.7.jar;D:\apache-maven-3.6.3\repository\stax\stax-api\1.0.1\stax-api-1.0.1.jar;D:\apache-maven-3.6.3\repository\com\netflix\netflix-commons\netflix-eventbus\0.3.0\netflix-eventbus-0.3.0.jar;D:\apache-maven-3.6.3\repository\com\netflix\netflix-commons\netflix-infix\0.3.0\netflix-infix-0.3.0.jar;D:\apache-maven-3.6.3\repository\commons-jxpath\commons-jxpath\1.3\commons-jxpath-1.3.jar;D:\apache-maven-3.6.3\repository\joda-time\joda-time\2.9.9\joda-time-2.9.9.jar;D:\apache-maven-3.6.3\repository\org\antlr\antlr-runtime\3.4\antlr-runtime-3.4.jar;D:\apache-maven-3.6.3\repository\org\antlr\stringtemplate\3.2.1\stringtemplate-3.2.1.jar;D:\apache-maven-3.6.3\repository\antlr\antlr\2.7.7\antlr-2.7.7.jar;D:\apache-maven-3.6.3\repository\com\google\code\gson\gson\2.8.5\gson-2.8.5.jar;D:\apache-maven-3.6.3\repository\org\apache\commons\commons-math\2.2\commons-math-2.2.jar;D:\apache-maven-3.6.3\repository\com\netflix\archaius\archaius-core\0.7.6\archaius-core-0.7.6.jar;D:\apache-maven-3.6.3\repository\com\google\guava\guava\16.0\guava-16.0.jar;D:\apache-maven-3.6.3\repository\javax\ws\rs\jsr311-api\1.1.1\jsr311-api-1.1.1.jar;D:\apache-maven-3.6.3\repository\com\netflix\servo\servo-core\0.12.21\servo-core-0.12.21.jar;D:\apache-maven-3.6.3\repository\com\sun\jersey\jersey-core\1.19.1\jersey-core-1.19.1.jar;D:\apache-maven-3.6.3\repository\com\sun\jersey\jersey-client\1.19.1\jersey-client-1.19.1.jar;D:\apache-maven-3.6.3\repository\com\sun\jersey\contribs\jersey-apache-client4\1.19.1\jersey-apache-client4-1.19.1.jar;D:\apache-maven-3.6.3\repository\org\apache\httpcomponents\httpclient\4.5.6\httpclient-4.5.6.jar;D:\apache-maven-3.6.3\repository\org\apache\httpcomponents\httpcore\4.4.10\httpcore-4.4.10.jar;D:\apache-maven-3.6.3\repository\com\google\inject\guice\4.1.0\guice-4.1.0.jar;D:\apache-maven-3.6.3\repository\javax\inject\javax.inject\1\javax.inject-1.jar;D:\apache-maven-3.6.3\repository\aopalliance\aopalliance\1.0\aopalliance-1.0.jar;D:\apache-maven-3.6.3\repository\com\github\vlsi\compactmap\compactmap\1.2.1\compactmap-1.2.1.jar;D:\apache-maven-3.6.3\repository\com\github\andrewoma\dexx\dexx-collections\0.2\dexx-collections-0.2.jar;D:\apache-maven-3.6.3\repository\com\fasterxml\jackson\core\jackson-annotations\2.9.0\jackson-annotations-2.9.0.jar;D:\apache-maven-3.6.3\repository\com\fasterxml\jackson\core\jackson-core\2.9.7\jackson-core-2.9.7.jar;D:\apache-maven-3.6.3\repository\com\netflix\eureka\eureka-core\1.9.3\eureka-core-1.9.3.jar;D:\apache-maven-3.6.3\repository\org\codehaus\woodstox\woodstox-core-asl\4.4.1\woodstox-core-asl-4.4.1.jar;D:\apache-maven-3.6.3\repository\javax\xml\stream\stax-api\1.0-2\stax-api-1.0-2.jar;D:\apache-maven-3.6.3\repository\org\codehaus\woodstox\stax2-api\3.1.4\stax2-api-3.1.4.jar;D:\apache-maven-3.6.3\repository\org\springframework\cloud\spring-cloud-starter-netflix-archaius\2.0.2.RELEASE\spring-cloud-starter-netflix-archaius-2.0.2.RELEASE.jar;D:\apache-maven-3.6.3\repository\org\springframework\cloud\spring-cloud-netflix-ribbon\2.0.2.RELEASE\spring-cloud-netflix-ribbon-2.0.2.RELEASE.jar;D:\apache-maven-3.6.3\repository\org\springframework\cloud\spring-cloud-netflix-archaius\2.0.2.RELEASE\spring-cloud-netflix-archaius-2.0.2.RELEASE.jar;D:\apache-maven-3.6.3\repository\commons-configuration\commons-configuration\1.8\commons-configuration-1.8.jar;D:\apache-maven-3.6.3\repository\commons-lang\commons-lang\2.6\commons-lang-2.6.jar;D:\apache-maven-3.6.3\repository\org\springframework\cloud\spring-cloud-starter-netflix-ribbon\2.0.2.RELEASE\spring-cloud-starter-netflix-ribbon-2.0.2.RELEASE.jar;D:\apache-maven-3.6.3\repository\com\netflix\ribbon\ribbon\2.2.5\ribbon-2.2.5.jar;D:\apache-maven-3.6.3\repository\com\netflix\ribbon\ribbon-transport\2.2.5\ribbon-transport-2.2.5.jar;D:\apache-maven-3.6.3\repository\io\reactivex\rxnetty-contexts\0.4.9\rxnetty-contexts-0.4.9.jar;D:\apache-maven-3.6.3\repository\io\reactivex\rxnetty-servo\0.4.9\rxnetty-servo-0.4.9.jar;D:\apache-maven-3.6.3\repository\com\netflix\hystrix\hystrix-core\1.5.12\hystrix-core-1.5.12.jar;D:\apache-maven-3.6.3\repository\org\hdrhistogram\HdrHistogram\2.1.9\HdrHistogram-2.1.9.jar;D:\apache-maven-3.6.3\repository\io\reactivex\rxnetty\0.4.9\rxnetty-0.4.9.jar;D:\apache-maven-3.6.3\repository\com\netflix\ribbon\ribbon-core\2.2.5\ribbon-core-2.2.5.jar;D:\apache-maven-3.6.3\repository\com\netflix\ribbon\ribbon-httpclient\2.2.5\ribbon-httpclient-2.2.5.jar;D:\apache-maven-3.6.3\repository\commons-collections\commons-collections\3.2.2\commons-collections-3.2.2.jar;D:\apache-maven-3.6.3\repository\com\netflix\netflix-commons\netflix-commons-util\0.3.0\netflix-commons-util-0.3.0.jar;D:\apache-maven-3.6.3\repository\com\netflix\ribbon\ribbon-loadbalancer\2.2.5\ribbon-loadbalancer-2.2.5.jar;D:\apache-maven-3.6.3\repository\com\netflix\netflix-commons\netflix-statistics\0.1.1\netflix-statistics-0.1.1.jar;D:\apache-maven-3.6.3\repository\io\reactivex\rxjava\1.3.8\rxjava-1.3.8.jar;D:\apache-maven-3.6.3\repository\com\netflix\ribbon\ribbon-eureka\2.2.5\ribbon-eureka-2.2.5.jar;D:\apache-maven-3.6.3\repository\com\thoughtworks\xstream\xstream\1.4.10\xstream-1.4.10.jar;D:\apache-maven-3.6.3\repository\xmlpull\xmlpull\1.1.3.1\xmlpull-1.1.3.1.jar;D:\apache-maven-3.6.3\repository\xpp3\xpp3_min\1.1.4c\xpp3_min-1.1.4c.jar;D:\apache-maven-3.6.3\repository\org\springframework\boot\spring-boot-starter-jdbc\2.0.7.RELEASE\spring-boot-starter-jdbc-2.0.7.RELEASE.jar;D:\apache-maven-3.6.3\repository\com\zaxxer\HikariCP\2.7.9\HikariCP-2.7.9.jar;D:\apache-maven-3.6.3\repository\org\springframework\spring-jdbc\5.0.11.RELEASE\spring-jdbc-5.0.11.RELEASE.jar;D:\apache-maven-3.6.3\repository\org\springframework\spring-tx\5.0.11.RELEASE\spring-tx-5.0.11.RELEASE.jar;D:\apache-maven-3.6.3\repository\org\mybatis\spring\boot\mybatis-spring-boot-starter\1.3.2\mybatis-spring-boot-starter-1.3.2.jar;D:\apache-maven-3.6.3\repository\org\mybatis\spring\boot\mybatis-spring-boot-autoconfigure\1.3.2\mybatis-spring-boot-autoconfigure-1.3.2.jar;D:\apache-maven-3.6.3\repository\org\mybatis\mybatis\3.4.6\mybatis-3.4.6.jar;D:\apache-maven-3.6.3\repository\org\mybatis\mybatis-spring\1.3.2\mybatis-spring-1.3.2.jar;D:\apache-maven-3.6.3\repository\tk\mybatis\mapper-spring-boot-starter\2.0.2\mapper-spring-boot-starter-2.0.2.jar;D:\apache-maven-3.6.3\repository\tk\mybatis\mapper-core\1.0.2\mapper-core-1.0.2.jar;D:\apache-maven-3.6.3\repository\tk\mybatis\mapper-base\1.0.1\mapper-base-1.0.1.jar;D:\apache-maven-3.6.3\repository\tk\mybatis\mapper-weekend\1.1.3\mapper-weekend-1.1.3.jar;D:\apache-maven-3.6.3\repository\tk\mybatis\mapper-spring\1.0.1\mapper-spring-1.0.1.jar;D:\apache-maven-3.6.3\repository\tk\mybatis\mapper-extra\1.0.1\mapper-extra-1.0.1.jar;D:\apache-maven-3.6.3\repository\tk\mybatis\mapper-spring-boot-autoconfigure\2.0.2\mapper-spring-boot-autoconfigure-2.0.2.jar;D:\apache-maven-3.6.3\repository\mysql\mysql-connector-java\5.1.32\mysql-connector-java-5.1.32.jar;D:\apache-maven-3.6.3\repository\com\leyou\user\leyou-user-interface\1.0.0-SNAPSHOT\leyou-user-interface-1.0.0-SNAPSHOT.jar;D:\apache-maven-3.6.3\repository\javax\persistence\persistence-api\1.0\persistence-api-1.0.jar;D:\apache-maven-3.6.3\repository\com\fasterxml\jackson\core\jackson-databind\2.9.7\jackson-databind-2.9.7.jar;D:\apache-maven-3.6.3\repository\org\springframework\boot\spring-boot-starter-test\2.0.7.RELEASE\spring-boot-starter-test-2.0.7.RELEASE.jar;D:\apache-maven-3.6.3\repository\org\springframework\boot\spring-boot-test\2.0.7.RELEASE\spring-boot-test-2.0.7.RELEASE.jar;D:\apache-maven-3.6.3\repository\org\springframework\boot\spring-boot-test-autoconfigure\2.0.7.RELEASE\spring-boot-test-autoconfigure-2.0.7.RELEASE.jar;D:\apache-maven-3.6.3\repository\com\jayway\jsonpath\json-path\2.4.0\json-path-2.4.0.jar;D:\apache-maven-3.6.3\repository\net\minidev\json-smart\2.3\json-smart-2.3.jar;D:\apache-maven-3.6.3\repository\net\minidev\accessors-smart\1.2\accessors-smart-1.2.jar;D:\apache-maven-3.6.3\repository\org\ow2\asm\asm\5.0.4\asm-5.0.4.jar;D:\apache-maven-3.6.3\repository\junit\junit\4.12\junit-4.12.jar;D:\apache-maven-3.6.3\repository\org\assertj\assertj-core\3.9.1\assertj-core-3.9.1.jar;D:\apache-maven-3.6.3\repository\org\mockito\mockito-core\2.15.0\mockito-core-2.15.0.jar;D:\apache-maven-3.6.3\repository\net\bytebuddy\byte-buddy\1.7.11\byte-buddy-1.7.11.jar;D:\apache-maven-3.6.3\repository\net\bytebuddy\byte-buddy-agent\1.7.11\byte-buddy-agent-1.7.11.jar;D:\apache-maven-3.6.3\repository\org\objenesis\objenesis\2.6\objenesis-2.6.jar;D:\apache-maven-3.6.3\repository\org\hamcrest\hamcrest-core\1.3\hamcrest-core-1.3.jar;D:\apache-maven-3.6.3\repository\org\hamcrest\hamcrest-library\1.3\hamcrest-library-1.3.jar;D:\apache-maven-3.6.3\repository\org\skyscreamer\jsonassert\1.5.0\jsonassert-1.5.0.jar;D:\apache-maven-3.6.3\repository\com\vaadin\external\google\android-json\0.0.20131108.vaadin1\android-json-0.0.20131108.vaadin1.jar;D:\apache-maven-3.6.3\repository\org\springframework\spring-core\5.0.11.RELEASE\spring-core-5.0.11.RELEASE.jar;D:\apache-maven-3.6.3\repository\org\springframework\spring-jcl\5.0.11.RELEASE\spring-jcl-5.0.11.RELEASE.jar;D:\apache-maven-3.6.3\repository\org\springframework\spring-test\5.0.11.RELEASE\spring-test-5.0.11.RELEASE.jar;D:\apache-maven-3.6.3\repository\org\xmlunit\xmlunit-core\2.5.1\xmlunit-core-2.5.1.jar;D:\apache-maven-3.6.3\repository\org\springframework\boot\spring-boot-starter-data-redis\2.0.7.RELEASE\spring-boot-starter-data-redis-2.0.7.RELEASE.jar;D:\apache-maven-3.6.3\repository\org\springframework\data\spring-data-redis\2.0.12.RELEASE\spring-data-redis-2.0.12.RELEASE.jar;D:\apache-maven-3.6.3\repository\org\springframework\data\spring-data-keyvalue\2.0.12.RELEASE\spring-data-keyvalue-2.0.12.RELEASE.jar;D:\apache-maven-3.6.3\repository\org\springframework\data\spring-data-commons\2.0.12.RELEASE\spring-data-commons-2.0.12.RELEASE.jar;D:\apache-maven-3.6.3\repository\org\springframework\spring-oxm\5.0.11.RELEASE\spring-oxm-5.0.11.RELEASE.jar;D:\apache-maven-3.6.3\repository\org\springframework\spring-context-support\5.0.11.RELEASE\spring-context-support-5.0.11.RELEASE.jar;D:\apache-maven-3.6.3\repository\io\lettuce\lettuce-core\5.0.5.RELEASE\lettuce-core-5.0.5.RELEASE.jar;D:\apache-maven-3.6.3\repository\io\projectreactor\reactor-core\3.1.12.RELEASE\reactor-core-3.1.12.RELEASE.jar;D:\apache-maven-3.6.3\repository\org\reactivestreams\reactive-streams\1.0.2\reactive-streams-1.0.2.jar;D:\apache-maven-3.6.3\repository\io\netty\netty-common\4.1.31.Final\netty-common-4.1.31.Final.jar;D:\apache-maven-3.6.3\repository\io\netty\netty-transport\4.1.31.Final\netty-transport-4.1.31.Final.jar;D:\apache-maven-3.6.3\repository\io\netty\netty-buffer\4.1.31.Final\netty-buffer-4.1.31.Final.jar;D:\apache-maven-3.6.3\repository\io\netty\netty-resolver\4.1.31.Final\netty-resolver-4.1.31.Final.jar;D:\apache-maven-3.6.3\repository\io\netty\netty-handler\4.1.31.Final\netty-handler-4.1.31.Final.jar;D:\apache-maven-3.6.3\repository\io\netty\netty-codec\4.1.31.Final\netty-codec-4.1.31.Final.jar;D:\apache-maven-3.6.3\repository\com\leyou\sms\leyou-sms-service\1.0.0-SNAPSHOT\leyou-sms-service-1.0.0-SNAPSHOT.jar;D:\apache-maven-3.6.3\repository\com\aliyun\aliyun-java-sdk-core\3.3.1\aliyun-java-sdk-core-3.3.1.jar;D:\apache-maven-3.6.3\repository\org\json\json\20170516\json-20170516.jar;D:\apache-maven-3.6.3\repository\com\aliyun\aliyun-java-sdk-dysmsapi\1.0.0\aliyun-java-sdk-dysmsapi-1.0.0.jar;D:\apache-maven-3.6.3\repository\org\apache\commons\commons-lang3\3.7\commons-lang3-3.7.jar;D:\apache-maven-3.6.3\repository\com\leyou\common\leyou-common\1.0.0-SNAPSHOT\leyou-common-1.0.0-SNAPSHOT.jar;D:\apache-maven-3.6.3\repository\org\slf4j\slf4j-api\1.7.25\slf4j-api-1.7.25.jar;D:\apache-maven-3.6.3\repository\org\springframework\boot\spring-boot-starter-amqp\2.0.7.RELEASE\spring-boot-starter-amqp-2.0.7.RELEASE.jar;D:\apache-maven-3.6.3\repository\org\springframework\spring-messaging\5.0.11.RELEASE\spring-messaging-5.0.11.RELEASE.jar;D:\apache-maven-3.6.3\repository\org\springframework\amqp\spring-rabbit\2.0.10.RELEASE\spring-rabbit-2.0.10.RELEASE.jar;D:\apache-maven-3.6.3\repository\org\springframework\amqp\spring-amqp\2.0.10.RELEASE\spring-amqp-2.0.10.RELEASE.jar;D:\apache-maven-3.6.3\repository\org\springframework\retry\spring-retry\1.2.2.RELEASE\spring-retry-1.2.2.RELEASE.jar;D:\apache-maven-3.6.3\repository\com\rabbitmq\amqp-client\5.4.3\amqp-client-5.4.3.jar;D:\apache-maven-3.6.3\repository\commons-codec\commons-codec\1.11\commons-codec-1.11.jar;"/>
    <property name="sun.cpu.endian" value="little"/>
    <property name="user.home" value="C:\Users\wangqun"/>
    <property name="user.language" value="zh"/>
    <property name="java.specification.vendor" value="Oracle Corporation"/>
    <property name="java.home" value="C:\Program Files\Java\jdk1.8.0_201\jre"/>
    <property name="basedir" value="D:\IDEA_Projects\leyou\leyou-user\leyou-user-service"/>
    <property name="file.separator" value="\"/>
    <property name="line.separator" value="&#10;"/>
    <property name="java.vm.specification.vendor" value="Oracle Corporation"/>
    <property name="java.specification.name" value="Java Platform API Specification"/>
    <property name="java.awt.graphicsenv" value="sun.awt.Win32GraphicsEnvironment"/>
    <property name="surefire.real.class.path" value="C:\Users\wangqun\AppData\Local\Temp\surefire2951594848348630984\surefirebooter5536818685432012026.jar"/>
    <property name="sun.boot.class.path" value="C:\Program Files\Java\jdk1.8.0_201\jre\lib\resources.jar;C:\Program Files\Java\jdk1.8.0_201\jre\lib\rt.jar;C:\Program Files\Java\jdk1.8.0_201\jre\lib\sunrsasign.jar;C:\Program Files\Java\jdk1.8.0_201\jre\lib\jsse.jar;C:\Program Files\Java\jdk1.8.0_201\jre\lib\jce.jar;C:\Program Files\Java\jdk1.8.0_201\jre\lib\charsets.jar;C:\Program Files\Java\jdk1.8.0_201\jre\lib\jfr.jar;C:\Program Files\Java\jdk1.8.0_201\jre\classes"/>
    <property name="user.script" value=""/>
    <property name="sun.management.compiler" value="HotSpot 64-Bit Tiered Compilers"/>
    <property name="java.runtime.version" value="1.8.0_201-b09"/>
    <property name="user.name" value="wangqun"/>
    <property name="path.separator" value=";"/>
    <property name="os.version" value="10.0"/>
    <property name="java.endorsed.dirs" value="C:\Program Files\Java\jdk1.8.0_201\jre\lib\endorsed"/>
    <property name="java.runtime.name" value="Java(TM) SE Runtime Environment"/>
    <property name="file.encoding" value="GBK"/>
    <property name="java.vm.name" value="Java HotSpot(TM) 64-Bit Server VM"/>
    <property name="localRepository" value="D:\apache-maven-3.6.3\repository"/>
    <property name="java.vendor.url.bug" value="http://bugreport.sun.com/bugreport/"/>
    <property name="java.io.tmpdir" value="C:\Users\wangqun\AppData\Local\Temp\"/>
    <property name="java.version" value="1.8.0_201"/>
    <property name="user.dir" value="D:\IDEA_Projects\leyou\leyou-user\leyou-user-service"/>
    <property name="os.arch" value="amd64"/>
    <property name="java.vm.specification.name" value="Java Virtual Machine Specification"/>
    <property name="java.awt.printerjob" value="sun.awt.windows.WPrinterJob"/>
    <property name="sun.os.patch.level" value=""/>
    <property name="java.library.path" value="C:\Program Files\Java\jdk1.8.0_201\jre\bin;C:\WINDOWS\Sun\Java\bin;C:\WINDOWS\system32;C:\WINDOWS;C:\Program Files (x86)\Common Files\Oracle\Java\javapath;C:\WINDOWS\system32;C:\WINDOWS;C:\WINDOWS\System32\Wbem;C:\WINDOWS\System32\WindowsPowerShell\v1.0\;C:\Program Files\IDM Computer Solutions\UltraEdit;C:\Program Files\nodejs\;C:\Program Files\Java\jdk1.8.0_201\bin;D:\anaconda;D:\anaconda\Library\mingw-w64\bin;D:\anaconda\Library\usr\bin;D:\anaconda\Library\bin;D:\anaconda\Scripts;C:\Users\wangqun\AppData\Local\Microsoft\WindowsApps;D:\Python27\ArcGIS10.2\Scripts;D:\Python27\ArcGIS10.2;D:\Program Files (x86)\MySQL\MySQL Server 5.5\bin;d:\Program Files\JetBrains\IntelliJ IDEA 2019.3\bin;;D:\apache-maven-3.6.3\bin;C:\Users\wangqun\AppData\Roaming\npm;C:\Program Files\nodejs;;."/>
    <property name="java.vm.info" value="mixed mode"/>
    <property name="java.vendor" value="Oracle Corporation"/>
    <property name="java.vm.version" value="25.201-b09"/>
    <property name="idea.version2019.3" value="true"/>
    <property name="java.ext.dirs" value="C:\Program Files\Java\jdk1.8.0_201\jre\lib\ext;C:\WINDOWS\Sun\Java\lib\ext"/>
    <property name="sun.io.unicode.encoding" value="UnicodeLittle"/>
    <property name="java.class.version" value="52.0"/>
  </properties>
  <testcase name="testRedis" classname="test.RedisTest" time="1.408"/>
  <testcase name="testHash" classname="test.RedisTest" time="0.017"/>
  <testcase name="testRedis2" classname="test.RedisTest" time="0.01"/>
</testsuite>